[   0.0000 Initializing cgroup subsys cpuset[   0.0000 Iitilizin ccgrop bsyspu
[  .000000] Initializing cgroup subsys cpuacct
[  00000] Lin vrsi 44.0-2-ener (buildd@lgw01-amd64-033) (gcc version 5.4.0 20160609 (Ubuntu 5.4.0-6ubuntu1~16.04.10) ) #168-Ubuntu SMP Wed Jan 16 21:00:45 UTC 2019 (Ubuntu 4.4.0-142.168-generic 4.4.167)
[    0.000000] Command line: BOOT_IMAGE=/boot/vmlinuz-4.4.0-142-generic root=LABEL=cloudimg-rootfs ro console=tty1 console=ttyS0
[    0.000000] KERNEL supported cpus:
[    0.000000]   Intel GenuineIntel
[    0.0000000]   AMD uthentiMD
  0.000000]   Centaur CentaurHauls
[    0000] 86/f: state_offset[2]:  576, xstate_sizes[2]:  256
[   .000000]x86/fpu: Supporting XSAVE feature 0x01: 'x87 floating point registers'
[  0.000000] x86/fpu: Supporting XSAVE feature 0x02: 'SSE registers'
[  00000 x86pu Supptig XSAVE feature 0x04: 'AVX registers'
[    0.000000] x86/fpu: Enabled xsta features 0x7, context size is 832 bytes, using 'standard' format.
[    0.000000] e820: BIOS-provided physical RAM map:
[   0.0000BIS-e8: [mem 0x0000000000000000-0x000000000009fbff] usable
[    0.000000] BIOS-e820: [mem 0x000000000009fc00-0x000000000009ffff] reserved
[    0.000000] BIOS-e820: [mem 0x00000000000f0000-0x00000000000fffff] reserved
[  00000] IOS-20 [mem 0x0000000000100000-0x000000007ffeffff] usable
[    0.000000] BIOS-e820: [mem 0x000000007fff0000-0x000000007fffffff] ACPI data
[  0.0000] BIOS-e820: [mem 0x00000000fe000-0x000000fec00fffreseve
[  0.000] BIOS-e820: [mem 0x00000000fee00000-0x00000000fee00fff] rered[    0000] BIOS-e820: [mem 0x00000000fffc0000-0x00000000ffffffff] reserved
[   0.000000] NX (Execute Disable) protection: active
[  0.000] SMOS 2. psent.
   0.000000] Hypervisor detected: KVM
[  0000000] e820: last_pfn = 0x7fff0 max_arch_pfn = 0x400000000
[  0.0000] TRR: Disabled
[    0.000000] x86/PAT: MTRRs disabled, skipping PAT initialization too.
[    0.000000] CPU MTRRs all blank - virtualized system.
[  00000]x86/PAT: Configuration [0-7]: WB  WT  UC- UC  WB  WT  UC- UC  
[  0.0000 foundMP Mtale  [em 0x0009fff0-0x0009ffff] mapped at [ffff88000009fff0]
[  0.00000 Sanng  are for low memory corruption
[  00000] AMDI: mem 0x3630a000-0x3717cfff]
[  0.000000] ACPI: Early table checksum verification disabled
[  000000 API: DP0x00000000000E0000 000024 (v02 VBOX  )
[  0000000] ACPI: XSDT 0x000000007FFF0030 00003C (v01 VBOX   VBOXXSDT 00000001 ASL  00000061)
[    0.000000] ACPI: FACP 0x000000007FFF00F0 0000F4 (v04 VBOX   VBOXFACP 00000001 ASL  00000061)
[    0.000000] ACPI: DSDT 0x000000007FFF0470 0021FF (v02 VBOX   VBOXBIOS 00000002 INTL 20100528)
[    0.000000] ACPI: FACS 0x000000007FFF0200 000040
[    0.000000] ACPI: FACS 0x000000007FFF0200 000040
[    0.000000] ACPI: APIC 0x000000007FFF0240 00005C (v02 VBOX   VBOXAPIC 00000001 ASL  00000061)
[    0.000000] ACPI: SSDT 0x000000007FFF02A0 0001CC (v01 VBOX   VBOXCPUT 00000002 INTL 20100528)
[    0.000000] No NUMA configuration found
[    0.000000] Faking a node at [mem 0x0000000000000000-0x000000007ffeffff]
[    0.000000] NODE_DATA(0) allocated [mem 0x7ffeb000-0x7ffeffff]
[    0.000000] kvm-clock Usi msr4b64d01 and 4b564d00
[   0.0000] m-clk:cpu 0,sr0:7ffe3001, primary cpu clock
[  00000] vm-clock: using sched offset of 13525685891 cycles
[  00000 closour: vm-cck: sk 0xffffffffffffffff max_cycles: 0x1cd42e4dffb, max_idle_ns: 881590591483 ns
[  0.000000] Zone ranges:
[    0.000000]   DMA      [mem 0x0000000000001000-0x0000000000ffffff]
[    0.000000]   DMA32    [mem 0x0000000001000000-0x000000007ffeffff][  0.000000   rma  mpty
[   0.000000]   Device   empty[    0.000000] Movable zone sart for each node
[    0.000000] rl memo node ranges
[  0.00000]   node   0: [mem 0x0000000000001000-0x0000000009ff
[  0.00000  node   0[mem 0x0000000000100000-0x000000007ffeff]
[  0000000] Inmem et node 0 [m 0x0000000001000x000007fefff
[   .000000ACPI: PM-Timer IO Port: 0x4008
[    0.000000] IOAPIC[0]: apic_id 2, version 32, address 0xfec00000, GSI 0-23
[   0.000000] ACPI:NT_SRCVR(bus busrq0 glal_i 2dfl dfl)
[  0.000000] ACPI: IN_S_OVRbu 0 buir 9 gba_irq lw lev)
[  0.000] Using ACPI (MADT) for SMP configuration information
[  0.000]smpbo: llowg  Cs,0 tpug CPUs
[  0.000000] PM: Registered nosave memory: [mem 0x000000-00000ff
[  0.000000] PM: Registered nosave memory: [mem 0x0009f000-009ffff]
[  000000 P: Registered nosave memory: [memx000a0000x00effff]
[  0000000PM Regieredosve mery: [m 0x00000-0x0ffff
    00000] e820: [mem 0x80000000-0xbfff aaillab fr PCdeices
[  0.000] Boin parirtualized kernel on KVM
[    0.0000clcksoce: rind-jfis: msk 0xfffff max_cycles: 0xffffffff, max_idle_ns: 7645519600211568 ns
[  0000000] setup_percpu: NR_CPUS:512 nr_cpumask_bits:512 nr_cpu_ids:2 nr_node_ids:1
[  0000000] PERCPU: Embedded 34 pages/cpu @ffff88007fc00000 s99480 r8192 d31592 u1048576
[   .0000]Built 1 zonelists in Node order, mobility grouping on.  Total pages: 515960
[  0000000] licy zone: DMA32
[   0.0000] Krn comndlie:OOT_IMAGE=/boot/vmlinuz-4.4.0-142-geric root=LABEL=cloudimg-rootfs ro console=tty1 cool=tty
[  00000] ID hh able entriie: 096 (order: 3, 32768 bytes)
[   .00000] Memory: 2029928K/2096696K available (8603K kernel code, 1332K rwdata, 4004K rodata, 1484K init, 1316K bss, 66768K reserved, 0K cma-reserved)
[    0.000000] SLUB: HWalign=64, Order=0-3, MinObjects=0,PUs= Ndes=
[    0.000000] Kernel/User page tables isolation: enabled
[   .00000 HrarchcaRCU plmentation.
[  0.000000] 	ild-time adjustment of leaf fout  6.
[  0.000] 	U estctng CPUs from NR_CPUS=512 to nr_cpu_ids=2.
[    0.000000] RCU: Adjusting geometry for rcu_fanout_leaf=64, nr_cpu_ids=2
[  0.000000] NR_IRQS:33024 nr_irqs:440 16
[    0.000000] Console: colour VGA+ 80x25
[  0.0000]conle[tty1]naled[   .00000]onsolettS0] able
[   0.000000] tsc: Detected 2592.004 MHz processor
[   11.998532] Calibrating delay loop (skipped) preset value.. 5184.00 BogoMIPS (lpj=10368016)
[   12.035395] pid_max: default: 32768 minimum: 301
[   12.036985] ACPI: Core revision 20150930
[   12.040786] ACPI: 2 ACPI AML tables successfully acquired and loaded
[   12.136885] Security Framework initialized
[   12.138302] Yama: becoming mindful.
[   12.139542] AppArmor: AppArmor initialized
[   12.147613] Dentry cache hash table entries: 262144 (order: 9, 2097152 bytes)
[   12.150595] Inode-cache hash table entries: 131072 (order: 8, 1048576 bytes)
[   12.201591] Mount-cache hash table entries: 4096 (order: 3, 32768 bytes)
[   12.392534] Mountpoint-cache hash table entries: 4096 (order: 3, 32768 bytes)
[   12.415127] Initializing cgroup subsys io
[   12.416460] Initializing cgroup subsys memory
[   12.417978] Initializing cgroup subsys devices
[   12.432197] Initializing cgroup subsys freezer
[   12.460412] Initializing cgroup subsys net_cls
[   12.468299] Initializing cgroup subsys perf_event
[   12.503293] Initializing cgroup subsys net_prio
[   12.524850] Initializing cgroup subsys hugetlb
[   12.606430] Initializing cgroup subsys pids
[   12.622587] mce: CPU supports 0 MCE banks
[   12.645771] Last level iTLB entries: 4KB 64, 2MB 8, 4MB 8
[   12.735476] Last level dTLB entries: 4KB 64, 2MB 0, 4MB 0, 1GB 4
[   12.743916] Spectre V2 : Mitigation: Full generic retpoline
[   12.762246] Spectre V2 : Spectre v2 / SpectreRSB mitigation: Filling RSB on context switch
[   12.772264] Speculative Store Bypass: Vulnerable
[   12.810713] Freeing SMP alternatives memory: 32K
[   12.831303] ftrace: allocating 32277 entries in 127 pages
[   12.956443] smpboot: APIC(0) Converting physical 0 to logical package 0
[   12.978169] smpboot: Max logical packages: 1
[   12.980081] x2apic enabled
[   12.988371] Switched APIC routing to physical x2apic.
[   13.084407] ..TIMER: vector=0x30 apic1=0 pin1=2 apic2=-1 pin2=-1
[   13.212436] APIC calibration not consistent with PM-Timer: 112ms instead of 100ms
[   13.415475] APIC delta adjusted to PM-Timer: 6248578 (7021337)
[   13.432710] smpboot: CPU0: Intel(R) Core(TM) i7-6700HQ CPU @ 2.60GHz (family: 0x6, model: 0x5e, stepping: 0x3)
[   13.590054] Performance Events: unsupported p6 CPU model 94 no PMU driver, software events only.
[   13.800046] KVM setup paravirtual spinlock
[   13.815752] x86: Booting SMP configuration:
[   13.817554] .... node  #0, CPUs:      #1
[   13.832451] kvm-clock: cpu 1, msr 0:7ffe3041, secondary cpu clock
[   13.915562] mce: CPU supports 0 MCE banks
[   13.990447] x86: Booted up 1 node, 2 CPUs
[   14.066314] smpboot: Total of 2 processors activated (10368.01 BogoMIPS)
[   14.184278] devtmpfs: initialized
[   14.269907] evm: security.selinux
[   14.332252] evm: security.SMACK64
[   14.360683] evm: security.SMACK64EXEC
[   14.362268] evm: security.SMACK64TRANSMUTE
[   14.450232] evm: security.SMACK64MMAP
[   14.516390] evm: security.ima
[   14.609905] evm: security.capability
[   14.674152] clocksource: jiffies: mask: 0xffffffff max_cycles: 0xffffffff, max_idle_ns: 7645041785100000 ns
[   14.890710] futex hash table entries: 512 (order: 3, 32768 bytes)
[   15.043771] pinctrl core: initialized pinctrl subsystem
[   15.045580] RTC time: 10:23:40, date: 03/29/19
[   15.124732] NET: Registered protocol family 16
[   15.186146] cpuidle: using governor ladder
[   15.226080] cpuidle: using governor menu
[   15.258431] PCCT header not found.
[   15.306245] ACPI: bus type PCI registered
[   15.322983] acpiphp: ACPI Hot Plug PCI Controller Driver version: 0.5
[   15.367049] PCI: Using configuration type 1 for base access
[   15.439581] ACPI: Added _OSI(Module Device)
[   15.460024] ACPI: Added _OSI(Processor Device)
[   15.461786] ACPI: Added _OSI(3.0 _SCP Extensions)
[   15.551833] ACPI: Added _OSI(Processor Aggregator Device)
[   15.642322] ACPI: Executed 1 blocks of module-level executable AML code
[   15.713242] ACPI: Interpreter enabled
[   15.751344] ACPI: (supports S0 S5)
[   15.780160] ACPI: Using IOAPIC for interrupt routing
[   15.836329] PCI: Using host bridge windows from ACPI; if necessary, use "pci=nocrs" and report a bug
[   15.850413] ACPI: PCI Root Bridge [PCI0] (domain 0000 [bus 00-ff])
[   15.922110] acpi PNP0A03:00: _OSC: OS supports [ASPM ClockPM Segments MSI]
[   16.000190] acpi PNP0A03:00: _OSC: not requesting OS control; OS requires [ExtendedConfig ASPM ClockPM MSI]
[   16.053018] acpi PNP0A03:00: fail to add MMCONFIG information, can't access extended PCI configuration space under this bridge.
[   16.093347] PCI host bridge to bus 0000:00
[   16.108085] pci_bus 0000:00: root bus resource [io  0x0000-0x0cf7 window]
[   16.122159] pci_bus 0000:00: root bus resource [io  0x0d00-0xffff window]
[   16.130634] pci_bus 0000:00: root bus resource [mem 0x000a0000-0x000bffff window]
[   16.147448] pci_bus 0000:00: root bus resource [mem 0x80000000-0xfdffffff window]
[   16.162518] pci_bus 0000:00: root bus resource [bus 00-ff]
[   16.200492] pci 0000:00:01.1: legacy IDE quirk: reg 0x10: [io  0x01f0-0x01f7]
[   16.221567] pci 0000:00:01.1: legacy IDE quirk: reg 0x14: [io  0x03f6]
[   16.230319] pci 0000:00:01.1: legacy IDE quirk: reg 0x18: [io  0x0170-0x0177]
[   16.246889] pci 0000:00:01.1: legacy IDE quirk: reg 0x1c: [io  0x0376]
[   16.296095] pci 0000:00:07.0: quirk: [io  0x4000-0x403f] claimed by PIIX4 ACPI
[   16.444546] pci 0000:00:07.0: quirk: [io  0x4100-0x410f] claimed by PIIX4 SMB
[   16.545835] ACPI: PCI Interrupt Link [LNKA] (IRQs 5 9 10 *11)
[   16.620114] ACPI: PCI Interrupt Link [LNKB] (IRQs 5 9 *10 11)
[   16.710962] ACPI: PCI Interrupt Link [LNKC] (IRQs 5 *9 10 11)
[   16.742267] ACPI: PCI Interrupt Link [LNKD] (IRQs 5 9 10 *11)
[   16.883905] ACPI: Enabled 2 GPEs in block 00 to 07
[   16.885879] vgaarb: setting as boot device: PCI:0000:00:02.0
[   16.887667] vgaarb: device added: PCI:0000:00:02.0,decodes=io+mem,owns=io+mem,locks=none
[   16.890382] vgaarb: loaded
[   16.891424] vgaarb: bridge control possible 0000:00:02.0
[   16.893452] SCSI subsystem initialized
[   16.922157] ACPI: bus type USB registered
[   16.923549] usbcore: registered new interface driver usbfs
[   16.925263] usbcore: registered new interface driver hub
[   16.979398] usbcore: registered new device driver usb
[   17.117647] PCI: Using ACPI for IRQ routing
[   17.245331] NetLabel: Initializing
[   17.311565] NetLabel:  domain hash size = 128
[   17.436426] NetLabel:  protocols = UNLABELED CIPSOv4
[   17.438258] NetLabel:  unlabeled traffic allowed by default
[   17.440305] amd_nb: Cannot enumerate AMD northbridges
[   17.442185] clocksource: Switched to clocksource kvm-clock
[   14635] AppArmor: AppArmor Filesystem Enabled  7.41] p: P PInit  8.65] p: P ACPI:ou 3eves
[   18.764056] clocksource: acpi_pm: mask: 0xffffff max_cycles: 0xffffff, max_idle_ns: 2085701024 ns
[   18.947242] NET: Registered protocol family 2
[   19.067498] TCP established hash table entries: 16384 (order: 5, 131072 bytes)
[   19.183888] TCP bind hash table entries: 16384 (order: 6, 262144 bytes)
[   19.210231] TCP: Hash tables configured (established 16384 bind 16384)
[   19.252028] UDP hash table entries: 1024 (order: 3, 32768 bytes)
[   19.276254] UDP-Lite hash table entries: 1024 (order: 3, 32768 bytes)
[   19.376729] NET: Registered protocol family 1
[   19.427385] pci 0000:00:00.0: Limiting direct PCI/PCI transfers
[   19.592348] pci 0000:00:01.0: Activating ISA DMA hang workarounds
[   19.716522] Unpacking initramfs...
[   20.094576] Freeing initrd memory: 14796K
[   20.173080] platform rtc_cmos: registered platform RTC device (no PNP device found)
[   20.238103] Scanning for low memory corruption every 60 seconds
[   20.269336] audit: initializing netlink subsys (disabled)
[   20.378165] audit: type=2000 audit(1553855024.153:1): initialized
[   20.578448] Initialise system trusted keyring
[   20.635900] HugeTLB registered 2 MB page size, pre-allocated 0 pages
[   20.776819] zbud: loaded
[   20.791922] VFS: Disk quotas dquot_6.6.0
[   20.821866] VFS: Dquot-cache hash table entries: 512 (order 0, 4096 bytes)
[   20.843677] squashfs: version 4.0 (2009/01/31) Phillip Lougher
[   20.884069] fuse init (API version 7.23)
[   20.885679] Key type big_key registered
[   20.893922] Allocating IMA MOK and blacklist keyrings.
[   20.905602] Key type asymmetric registered
[   20.982343] Asymmetric key parser 'x509' registered
[   21.078031] Block layer SCSI generic (bsg) driver version 0.4 loaded (major 249)
[   21.274481] tsc: Refined TSC clocksource calibration: 2594.363 MHz
[   21.282792] io scheduler noop registered
ÿ[   21.282795] io scheduler deadline registered (default)
[   21.282835] io scheduler cfq registered
[   21.282934] pci_hotplug: PCI Hot Plug PCI Core version: 0.5
[   21.282940] pciehp: PCI Express Hot Plug Controller Driver version: 0.4
[   21.283072] ACPI: AC Adapter [AC] (off-line)
[   21.283122] input: Power Button as /devices/LNXSYSTM:00/LNXPWRBN:00/input/input0
[   21.283124] ACPI: Power Button [PWRF]
[   21.283207] input: Sleep Button as /devices/LNXSYSTM:00/LNXSLPBN:00/input/input1
[   21.283208] ACPI: Sleep Button [SLPF]
[   21.283345] GHES: HEST is not enabled!
[   21.284101] ACPI: Battery Slot [BAT0] (battery present)
[   21.390559] Serial: 8250/16550 driver, 32 ports, IRQ sharing enabled
[   21.465777] 00:02: ttyS0 at I/O 0x3f8 (irq = 4, base_baud = 115200) is a 16550A
[   21.522168] Linux agpgart interface v0.103
[   21.554118] loop: module loaded
[   21.554711] scsi host0: ata_piix
[   21.554768] scsi host1: ata_piix
[   21.554800] ata1: PATA max UDMA/33 cmd 0x1f0 ctl 0x3f6 bmdma 0xd000 irq 14
[   21.554801] ata2: PATA max UDMA/33 cmd 0x170 ctl 0x376 bmdma 0xd008 irq 15
[   21.554877] libphy: Fixed MDIO Bus: probed
[   21.554880] tun: Universal TUN/TAP device driver, 1.6
[   21.554880] tun: (C) 1999-2004 Max Krasnyansky <maxk@qualcomm.com>
[   21.555219] PPP generic driver version 2.4.2
[   21.555273] ehci_hcd: USB 2.0 'Enhanced' Host Controller (EHCI) Driver
[   21.555276] ehci-pci: EHCI PCI platform driver
[   21.555285] ehci-platform: EHCI generic platform driver
[   21.555293] ohci_hcd: USB 1.1 'Open' Host Controller (OHCI) Driver
[   21.555298] ohci-pci: OHCI PCI platform driver
[   21.555306] ohci-platform: OHCI generic platform driver
[   21.555313] uhci_hcd: USB Universal Host Controller Interface driver
[   21.555364] i8042: PNP: PS/2 Controller [PNP0303:PS2K,PNP0f03:PS2M] at 0x60,0x64 irq 1,12
[   21.555924] serio: i8042 KBD port at 0x60,0x64 irq 1
[   21.555927] serio: i8042 AUX port at 0x60,0x64 irq 12
[   21.556028] mousedev: PS/2 mouse device common for all mice
[   21.556344] input: AT Translated Set 2 keyboard as /devices/platform/i8042/serio0/input/input2
[   21.556704] rtc_cmos rtc_cmos: rtc core: registered rtc_cmos as rtc0
[   21.556777] rtc_cmos rtc_cmos: alarms up to one day, 114 bytes nvram
[   21.556783] i2c /dev entries driver
[   21.556830] device-mapper: uevent: version 1.0.3
[   21.556884] device-mapper: ioctl: 4.34.0-ioctl (2015-10-28) initialised: dm-devel@redhat.com
[   21.556904] ledtrig-cpu: registered to indicate activity on CPUs
[   21.557471] NET: Registered protocol family 10
[   21.557600] NET: Registered protocol family 17
[   21.557610] Key type dns_resolver registered
[   21.557834] registered taskstats version 1
[   21.557847] Loading compiled-in X.509 certificates
[   21.558488] Loaded X.509 cert 'Build time autogenerated kernel key: bff73e56bc0efa7435b2a24f5427674623f1be80'
[   21.558507] zswap: loaded using pool lzo/zbud
[   21.559964] Key type trusted registered
[   21.562504] Key type encrypted registered
[   21.562508] AppArmor: AppArmor sha1 policy hashing enabled
[   21.562510] ima: No TPM chip found, activating TPM-bypass!
[   21.562514] ima: Allocated hash algorithm: sha1
[   21.562525] evm: HMAC attrs: 0x1
[   21.562840]   Magic number: 11:44:377
[   21.562864] acpi PNP0700:00: hash matches
[   21.630847] rtc_cmos rtc_cmos: setting system clock to 2019-03-29 10:23:47 UTC (1553855027)
[   21.630950] BIOS EDD facility v0.16 2004-Jun-25, 0 devices found
[   21.630950] EDD information not available.
[   23.606583] clocksource: tsc: mask: 0xffffffffffffffff max_cycles: 0x25656f0cc5f, max_idle_ns: 440795279403 ns
[   23.762620] Freeing unused kernel memory: 1484K
[   23.886940] Write protecting the kernel read-only data: 14336k
[   24.093523] Freeing unused kernel memory: 1624K
[   25.204190] Freeing unused kernel memory: 92K
Loading, please [   25.908223] random: systemd-udevd: uninitialized urandom read (16 bytes read, 9 bits of entropy available)
wait...
startin[   25.908811] random: udevadm: uninitialized urandom read (16 bytes read, 9 bits of entropy available)
g version 229
[   25.908830] random: udevadm: uninitialized urandom read (16 bytes read, 9 bits of entropy available)
[   25.918612] random: udevadm: uninitialized urandom read (16 bytes read, 9 bits of entropy available)
[   25.918659] random: udevadm: uninitialized urandom read (16 bytes read, 9 bits of entropy available)
[   25.918812] random: udevadm: uninitialized urandom read (16 bytes read, 9 bits of entropy available)
[   25.918868] random: udevadm: uninitialized urandom read (16 bytes read, 9 bits of entropy available)
[   25.918923] random: udevadm: uninitialized urandom read (16 bytes read, 9 bits of entropy available)
[   25.918981] random: udevadm: uninitialized urandom read (16 bytes read, 9 bits of entropy available)
[   25.919034] random: udevadm: uninitialized urandom read (16 bytes read, 9 bits of entropy available)
[   26.890217] e1000: Intel(R) PRO/1000 Network Driver - version 7.3.21-k8-NAPI
[   26.944862] e1000: Copyright (c) 1999-2006 Intel Corporation.
[   26.967567] Fusion MPT base driver 3.04.20
[   26.989567] Copyright (c) 1999-2008 LSI Corporation
[   27.060432] Fusion MPT SPI Host driver 3.04.20
[   27.212803] AVX2 version of gcm_enc/dec engaged.
[   27.309648] AES CTR mode by8 optimization enabled
[   27.316284] input: ImExPS/2 Generic Explorer Mouse as /devices/platform/i8042/serio1/input/input4
[   27.457139] e1000 0000:00:03.0 eth0: (PCI:33MHz:32-bit) 02:a9:46:80:4d:77
[   27.524772] e1000 0000:00:03.0 eth0: Intel(R) PRO/1000 Network Connection
[   27.981805] e1000 0000:00:08.0 eth1: (PCI:33MHz:32-bit) 08:00:27:20:68:97
[   28.165945] e1000 0000:00:08.0 eth1: Intel(R) PRO/1000 Network Connection
[   28.346499] e1000 0000:00:08.0 enp0s8: renamed from eth1
[   28.350217] mptbase: ioc0: Initiating bringup
[   28.478605] e1000 0000:00:03.0 enp0s3: renamed from eth0
[   28.655213] ioc0: LSI53C1030 A0: Capabilities={Initiator}
[   30.377182] scsi host2: ioc0: LSI53C1030 A0, FwRev=00000000h, Ports=1, MaxQ=256, IRQ=20
[   31.240838] scsi 2:0:0:0: Direct-Access     VBOX     HARDDISK         1.0  PQ: 0 ANSI: 5
[   31.283266] scsi target2:0:0: Beginning Domain Validation
[   31.313306] scsi target2:0:0: Domain Validation skipping write tests
[   31.385632] scsi target2:0:0: Ending Domain Validation
[   31.413341] scsi target2:0:0: asynchronous
[   31.497224] scsi 2:0:1:0: Direct-Access     VBOX     HARDDISK         1.0  PQ: 0 ANSI: 5
[   31.507233] scsi target2:0:1: Beginning Domain Validation
[   31.597060] scsi target2:0:1: Domain Validation skipping write tests
[   32.472371] scsi target2:0:1: Ending Domain Validation
[   32.597726] scsi target2:0:1: asynchronous
[   32.627874] sd 2:0:0:0: Attached scsi generic sg0 type 0
[   32.645453] sd 2:0:0:0: [sda] 20971520 512-byte logical blocks: (10.7 GB/10.0 GiB)
[   32.646761] sd 2:0:1:0: [sdb] 20480 512-byte logical blocks: (10.5 MB/10.0 MiB)
[   32.646893] sd 2:0:1:0: Attached scsi generic sg1 type 0
[   32.646929] sd 2:0:1:0: [sdb] Write Protect is off
[   32.647060] sd 2:0:1:0: [sdb] Incomplete mode parameter data
[   32.647062] sd 2:0:1:0: [sdb] Assuming drive cache: write through
[   32.691208] sd 2:0:1:0: [sdb] Attached SCSI disk
[   32.788126] sd 2:0:0:0: [sda] Write Protect is off
[   32.883779] sd 2:0:0:0: [sda] Incomplete mode parameter data
[   32.924280] sd 2:0:0:0: [sda] Assuming drive cache: write through
[   33.049454]  sda: sda1
[   33.105772] sd 2:0:0:0: [sda] Attached SCSI disk
Begin: Loading e[   35.185029] md: linear personality registered for level -1
ssential drivers ... [   35.254587] md: multipath personality registered for level -4
[   35.334316] md: raid0 personality registered for level 0
[   35.346427] md: raid1 personality registered for level 1
[   35.458801] raid6: sse2x1   gen()  8996 MB/s
[   35.594499] raid6: sse2x1   xor()  7345 MB/s
[   35.735979] raid6: sse2x2   gen() 11037 MB/s
[   35.822843] raid6: sse2x2   xor()  8219 MB/s
[   35.930244] raid6: sse2x4   gen() 13429 MB/s
[   36.038537] raid6: sse2x4   xor()  8687 MB/s
[   36.106875] raid6: avx2x1   gen() 19567 MB/s
[   36.254231] raid6: avx2x2   gen() 20937 MB/s
[   36.414301] raid6: avx2x4   gen() 22634 MB/s
[   36.416027] raid6: using algorithm avx2x4 gen() 22634 MB/s
[   36.457977] raid6: using avx2x2 recovery algorithm
[   36.474363] xor: automatically using best checksumming function:
[   36.522683]    avx       : 22573.000 MB/sec
[   36.592282] async_tx: api initialized (async)
[   36.632233] md: raid6 personality registered for level 6
[   36.771313] md: raid5 personality registered for level 5
[   36.839506] md: raid4 personality registered for level 4
[   36.867663] md: raid10 personality registered for level 10
done.
Begin: Running /scripts/init-premount ... done.
Begin: Mounting root file system ... Begin: Running /scripts/local-top ... do[   36.948719] Btrfs loaded
ne.
Begin: Running /scripts/local-premount ... Scanning for Btrfs filesystems
[   37.302763] random: nonblocking pool is initialized
done.
Warning: fsck not present, so skipping root file system
[   37.761804] EXT4-fs (sda1): mounted filesystem with ordered data mode. Opts: (null)
done.
Begin: Running /scripts/local-bottom ... done.
Begin: Running /scripts/init-bottom ... done.
[   42.639818] systemd[1]: systemd 229 running in system mode. (+PAM +AUDIT +SELINUX +IMA +APPARMOR +SMACK +SYSVINIT +UTMP +LIBCRYPTSETUP +GCRYPT +GNUTLS +ACL +XZ -LZ4 +SECCOMP +BLKID +ELFUTILS +KMOD -IDN)
[   42.713571] systemd[1]: Detected virtualization oracle.
[   42.808052] systemd[1]: Detected architecture x86-64.

Welcome to [1mUbuntu 16.04.5 LTS[0m!

[   43.451] syste[1 St stmeo buu>

[  442228] ysted[1]: itlizinmainIDroraomenrato
[   45.085594] systemd[1]: Installed transient /etc/machine-id file.
[   47.884393] systemd[1]: Listening on /dev/initctl Compatibility Named Pipe.
[[0;32m  OK  [0m] Listening on /dev/initctl Compatibility Named Pipe.
[   47.899056] systemd[1]: Set up automount Arbitrary Executable File Formats File System Automount Point.
[[0;32m  OK  [0m] Set up automount Arbitrary Executab...ats File System Automount Point.
[   47.982505] systemd[1]: Listening on Journal Socket.
[[0;32m  OK  [0m] Listening on Journal Socket.
[   48.078570] systemd[1]: Reached target User and Group Name Lookups.
[[0;32m  OK  [0m] Reached target User and Group Name Lookups.
[   48.169414] systemd[1]: Listening on udev Kernel Socket.
[[0;32m  OK  [0m] Listening on udev Kernel Socket.
[   48.275633] systemd[1]: Listening on Journal Audit Socket.
[[0;32m  OK  [0m] Listening on Journal Audit Socket.
[   48.355335] systemd[1]: Started Forward Password Requests to Wall Directory Watch.
[[0;32m  OK  [0m] Started Forward Password Requests to Wall Directory Watch.
[   48.431444] systemd[1]: Listening on udev Control Socket.
[[0;32m  OK  [0m] Listening on udev Control Socket.
[   48.490992] systemd[1]: Started Trigger resolvconf update for networkd DNS.
[[0;32m  OK  [0m] Started Trigger resolvconf update for networkd DNS.
[   48.539148] systemd[1]: Listening on Device-mapper event daemon FIFOs.
[[0;32m  OK  [0m] Listening on Device-mapper event daemon FIFOs.
[   48.606898] systemd[1]: Listening on LVM2 poll daemon socket.
[[0;32m  OK  [0m] Listening on LVM2 poll daemon socket.
[   48.648892] systemd[1]: Created slice User and Session Slice.
[[0;32m  OK  [0m] Created slice User and Session Slice.
[   48.675620] systemd[1]: Listening on LVM2 metadata daemon socket.
[[0;32m  OK  [0m] Listening on LVM2 metadata daemon socket.
[   48.716351] systemd[1]: Created slice System Slice.
[[0;32m  OK  [0m] Created slice System Slice.
[   48.766590] systemd[1]: Starting Set console keymap...
         Starting Set console keymap...
[   48.926611] systemd[1]: Mounting Huge Pages File System...
         Mounting Huge Pages File System...
[   48.990998] systemd[1]: Starting Uncomplicated firewall...
         Starting Uncomplicated firewall...
[   49.008773] systemd[1]: Starting Monitoring of LVM2 mirrors, snapshots etc. using dmeventd or progress polling...
         Starting Monitoring of LVM2 mirrors... dmeventd or progress polling...
[   49.083900] systemd[1]: Mounting Debug File System...
         Mounting Debug File System...
[   49.246797] systemd[1]: Starting Nameserver information manager...
         Starting Nameserver information manager...
[   49.362899] systemd[1]: Reached target Slices.
[[0;32m  OK  [0m] Reached target Slices.
[   49.523389] systemd[1]: Mounting POSIX Message Queue File System...
         Mounting POSIX Message Queue File System...
[   49.611831] systemd[1]: Created slice system-serial\x2dgetty.slice.
[[0;32m  OK  [0m] Created slice system-serial\x2dgetty.slice.
[   49.655695] systemd[1]: Reached target System Time Synchronized.
[[0;32m  OK  [0m] Reached target System Time Synchronized.
[   49.699069] systemd[1]: Listening on Syslog Socket.
[[0;32m  OK  [0m] Listening on Syslog Socket.
[   49.762466] systemd[1]: Starting Remount Root and Kernel File Systems...
[   49.811029] EXT4-fs (sda1): re-mounted. Opts: (null)
         Starting Remount Root and Kernel File Systems...
[   49.934316] systemd[1]: Starting Create list of required static device nodes for the current kernel...
         Starting Create list of required st... nodes for the current kernel...
[   50.053797] systemd[1]: Reached target Encrypted Volumes.
[[0;32m  OK  [0m] Reached target Encrypted Volumes.
[   50.187153] systemd[1]: Starting Load Kernel Modules...
         Starting Load Kernel Modules...
[   50.251585] systemd[1]: Listening on Journal Socket (/dev/log).
[[0;32m  OK  [0m] Listening on Journal Socket (/dev/log).
[   50.315621] systemd[1]: Starting Journal Service...
         Starting Journal Service...
[   50.350448] systemd[1]: Reached target Swap.
[[0;32m  OK  [[   50.410407] Loading iSCSI transport class v2.0-870.
0m] Reached target Swap.
[   51.277641] systemd[1]: Mounted Huge Pages File System.
[[0;32m  OK  [0m] Mounted Huge Pages File System.
[   51.307156] systemd[1]: Mounted Debug File System.
[[0;32m  OK  [0m] Mounted Debug File System.
[   51.343437] systemd[1]: Mounted POSIX Message Queue File System.
[[0;32m  OK  [0m] Mounted POSIX Message Queue [   51.387559] iscsi: registered transport (tcp)
File System.
[   52.339780] systemd[1]: Started Set console keymap.
[[0;32m  OK  [0m] Started Set console keymap.
[   52.413501] systemd[1]: Started Uncomplicated firewall.
[[0;32m  OK  [0m] Started Uncomplicated firewall.
[   52.496348] systemd[1]: Started Remount Root and Kernel File Systems.
[[0;32m  OK  [0m] Started Remount Root and Kernel File Systems.
[   52.576895] systemd[1]:StteCrteisofeqiredtac vice odes fothcuen kerel.
[[0;32m  OK  [0m] Started Create list of required sta...ce nodes for the current kernel.
[   53.608098] systemd[1]: Started Nameserver information manager.
[[0;32m  OK  [0m] Started Nameserver information manager.
[   53.751565] systemd[1]: Started Journal Service.
[[0;32m  OK  [0m] Started Journal Service.
[[0;32m  OK  [0m] Started LVM2 metadata daemon.
         Starting Create Static Device Nodes in /dev...
         Starting Load/Save Random Seed...
         Starting Flush Journal to Persistent Storage...
         Starting udev Coldplug all Devices...
[   54.228936] iscsi: registered transport (iser)
[[0;32m  OK  [0m] Started Load Kernel Modules.
[   54.299990] systemd-journald[405]: Received request to flush runtime journal from PID 1
         Mounting FUSE Control File System...
         Starting Apply Kernel Variables...
[[0;32m  OK  [0m] Mounted FUSE Control File System.
[[0;32m  OK  [0m] Started Load/Save Random Seed.
[[0;32m  OK  [0m] Started Flush Journal to Persistent Storage.
[[0;32m  OK  [0m] Started udev Coldplug all Devices.
[[0;32m  OK  [0m] Started Apply Kernel Variables.
[[0;32m  OK  [0m] Started Monitoring of LVM2 mirrors,...ng dmeventd or progress polling.
[[0;32m  OK  [0m] Started Create Static Device Nodes in /dev.
[[0;32m  OK  [0m] Reached target Local File Systems (Pre).
[[0;32m  OK  [0m] Reached target Local File Systems.
         Starting Commit a transient machine-id on disk...
         Starting LSB: AppArmor initialization...
         Starting Create Volatile Files and Directories...
         Starting Set console font and keymap...
         Starting Tell Plymouth To Write Out Runtime Data...
         Starting Initial cloud-init job (pre-networking)...
         Starting udev Kernel Device Manager...
[[0;32m  OK  [0m] Started Commit a transient machine-id on disk.
[[0;32m  OK  [0m] Started Create Volatile Files and Directories.
         Starting Update UTMP about System Boot/Shutdown...
[[0;32m  OK  [0m] Started Tell Plymouth To Write Out Runtime Data.
[[0;32m  OK  [0m] Started Update UTMP about System Boot/Shutdown.
[[0;32m  OK  [0m] Started udev Kernel Device Manager.
[[0;32m  OK  [0m] Started Dispatch Password Requests to Console Directory Watch.
[[0;32m  OK  [0m] Found device /dev/ttyS0.
[[0;32m  OK  [0m] Listening on Load/Save RF Kill Switch Status /dev/rfkill Watch.
[[0;32m  OK  [0m] Started LSB: AppArmor initialization.
[[0;32m  OK  [0m] Started Set console font and keymap.
[[0;32m  OK  [0m] Created slice system-getty.slice.
[   51.730505] cloud-init[477]: Cloud-init v. 18.4-0ubuntu1~16.04.2 running 'init-local' at Fri, 29 Mar 2019 10:24:33 +0000. Up 50.44 seconds.
[[0;32m  OK  [0m] Started Initial cloud-init job (pre-networking).
[[0;32m  OK  [0m] Reached target Network (Pre).
         Starting Raise network interfaces...
[[0;32m  OK  [0m] Started Raise network interfaces.
[[0;32m  OK  [0m] Reached target Network.
         Starting Initial cloud-init job (metadata service crawler)...
[   58.496993] cloud-init[952]: Cloud-init v. 18.4-0ubuntu1~16.04.2 running 'init' at Fri, 29 Mar 2019 10:24:35 +0000. Up 53.42 seconds.
[[0;32m  OK  [0m] Started Initial cloud-init job (metadata service crawler).
[   58.602747] cloud-init[952]: ci-info: ++++++++++++++++++++++++++++++++++++++Net device info+++++++++++++++++++++++++++++++++++++++
[   58.717070] cloud-init[952]: ci-info: +--------+-------+----------------------------+---------------+--------+-------------------+
[   58.784926] cloud-init[952]: ci-info: | Device |   Up  |          Address           |      Mask     | Scope  |     Hw-Address    |
[   58.905407] cloud-init[952]: ci-info: +--------+-------+----------------------------+---------------+--------+-------------------+
[   58.949293] cloud-init[952]: ci-info: | enp0s3 |  True |         10.0.2.15          | 255.255.255.0 | global | 02:a9:46:80:4d:77 |
[[0;32m  OK  [0m] Reached target Network is Online.
[   58.974425] cloud-init[952]: ci-info: | enp0s3 |  True | fe80::a9:46ff:fe80:4d77/64 |       .       |  link  | 02:a9:46:80:4d:77 |
[   59.060585]          cloud-initStarting iSCSI initiator daemon (iscsid)...[952]: 
ci-info: | enp0s8 | False |             .              |       .       |   .    | 08:00:27:20:68:97 |
[   59.164927] [cloud-init[0;32m  OK  [0m[952]: ] ci-info: |   lo   |  True |         127.0.0.1          |   255.0.0.0   |  host  |         .         |Reached target Cloud-config availability.

[   59.167666] [cloud-init[0;32m  OK  [0m[952]: ] ci-info: |   lo   |  True |          ::1/128           |       .       |  host  |         .         |Reached target System Initialization.

[   59.251619] cloud-init[952]: ci-info: +--------+-------+----------------------------+---------------+--------+-------------------+
[   59.397879] cloud-init[952]: ci-info: +++++++++++++++++++++++++++Route IPv4 info++++++++++++++++++++++++++++
         Starting LXD - unix socket.
[   59.400558] cloud-init[952]: ci-info: +-------+-------------+----------+---------------+-----------+-------+
[[0;32m  OK  [0m] Started ACPI Events Check.
[   59.529847] [[0;32m  OK  [0m] Reached target Paths.
cloud-init[952]: ci-info: | Route | Destination | Gateway  |    Genmask    | Interface | Flags |
[   59.641536] cloud-init[952]: ci-info: +-------+-------------+----------+---------------+-----------+-------+
         Starting Socket activation for snappy daemon.
[   59.644769] cloud-init[952]: ci-info: |   0   |   0.0.0.0   | 10.0.2.2 |    0.0.0.0    |   enp0s3  |   UG  |
[[0;32m  OK  [0m] Listening on ACPID Listen Socket.
[   59.688436] [[0;32m  OK  [0m] Listening on UUID daemon activation socket.
cloud-init[952]: ci-info: |   1   |   10.0.2.0  | 0.0.0.0  | 255.255.255.0 |   enp0s3  |   U   |
[   59.817557] [[0;32m  OK  [0m] Started Daily apt download activities.
cloud-init[952]: ci-info: +-------+-------------+----------+---------------+-----------+-------+
[   59.945801] cloud-init[952]: ci-info: +++++++++++++++++++Route IPv6 info+++++++++++++++++++
[[0;32m  OK  [0m] Started Daily Cleanup of Temporary Directories.
[   59.948490] [cloud-init[0;32m  OK  [0m[952]: ] ci-info: +-------+-------------+---------+-----------+-------+Listening on D-Bus System Message Bus Socket.

[   60.011533] [[0;32m  OK  [0m] Started Daily apt upgrade and clean activities.
cloud-init[[0;32m  OK  [0m] Reached target Timers.
[952]: ci-info: | Route | Destination | Gateway | Interface | Flags |
[   60.104639] cloud-init[952]: ci-info: +-------+-------------+---------+-----------+-------+
[   60.128523] cloud-init[952]: ci-info: |   0   |  fe80::/64  |    ::   |   enp0s3  |   U   |
[[0;32m  OK  [0m] Listening on LXD - unix socket.
[[0;32m  OK  [0m] Listening on Socket activation for snappy daemon.
[[0;32m  OK  [0m] Started iSCSI initiator daemon (iscsid).
[   60.232010] cloud-init[952]: ci-info: |   3   |   ff00::/8  |    ::   |   enp0s3  |   U   |
[   60.403286] cloud-init[952]: ci-info: +-------+-------------+---------+-----------+-------+
         Starting Login to default iSCSI targets...
[[0;32m  OK  [0m] Reached target Sockets.
[   60.451967] [[0;32m  OK  [0m] Reached target Basic System.
cloud-init[952]: Generating public/private rsa key pair.
         Starting LSB: Record successful boot for GRUB...
[   60.551163] cloud-init[952]: Your identification has been saved in /etc/ssh/ssh_host_rsa_key.
[   60.644853] cloud-init[952]: Your public key has been saved in /etc/ssh/ssh_host_rsa_key.pub.
[[0;32m  OK  [0m] Started D-Bus System Message Bus.
[   60.686734] cloud-init[952]: The key fingerprint is:
[   60.720764] cloud-init[952]: SHA256:G7NoTn0l44HLZOSC2mPDxTeAWgjMd8zvmZdUSqMxUFM root@ubuntu-xenial
[   60.784937] cloud-init[952]: The key's randomart image is:
[   60.818066] cloud-init[952]: +---[RSA 2048]----+
[   60.850195] cloud-init[952]: |+   o.oo.E       |
[   60.889234] cloud-init[952]: | + o = o.o .     |
[   60.934398] cloud-init[952]: |  o + o * +      |
[   61.009788] cloud-init[952]: |   o o * +       |
[   61.037651] cloud-init[952]: |  . . = S = .    |
[   61.073434] cloud-init[952]: |   + . % @ =     |
[   61.113539] cloud-init[952]: |  . * + B o      |
[   61.137085] cloud-init[952]: |   . *   .       |
[   61.179357] cloud-init[952]: |      .          |
[   61.241855] cloud-init[952]: +----[SHA256]-----+
[   61.256485] cloud-init[952]: Generating public/private dsa key pair.
[   61.276802] cloud-init[952]: Your identification has been saved in /etc/ssh/ssh_host_dsa_key.
[   61.286188] cloud-init[952]: Your public key has been saved in /etc/ssh/ssh_host_dsa_key.pub.
[   61.394546] cloud-init[952]: The key fingerprint is:
[   61.437199] cloud-init[952]: SHA256:NQI1S2DbYIEObyEiCcfPNqQYmZiGRlr6CN+Ic6gKxYk root@ubuntu-xenial
[   61.485055] cloud-init[952]: The key's randomart image is:
[   61.521929] cloud-init[952]: +---[DSA 1024]----+
[   61.548846] cloud-init[952]: |*Bo  .B++        |
[   61.615892] cloud-init[952]: |%*+ +o * o       |
[   61.824980] cloud-init[952]: |B+ X .. + o      |
[   61.868911] cloud-init[952]: |oO.+O    o .     |
[   61.917088] cloud-init[952]: |E Oo..  S        |
[   61.992886] cloud-init[952]: |.+               |
[   62.040946] cloud-init[952]: |o                |
[   62.060717] cloud-init[952]: |o                |
[   62.104268] cloud-init[952]: |.                |
[   62.130782] cloud-init[952]: +----[SHA256]-----+
[   62.164867]          Starting Accounts Service...
cloud-init[952]: Generating public/private ecdsa key pair.
[   62.244866] [[0;32m  OK  [0m] Started Deferred execution scheduler.
cloud-init[952]: Your identification has been saved in /etc/ssh/ssh_host_ecdsa_key.
[   62.348734]          cloud-initStarting System Logging Service...[952]: 
Your public key has been saved in /etc/ssh/ssh_host_ecdsa_key.pub.
[   62.508669] [[0;32m  OK  [0m] Started FUSE filesystem for LXC.
cloud-init[952]: The key fingerprint is:
[   62.545537]          cloud-initStarting Login Service...[952]: 
SHA256:uQE3nu7bJp9RZvJ5ik8YMW8oS3Iq0EVrlTHYip0xMk4 root@ubuntu-xenial
         [   62.723990] Starting LSB: MD monitoring daemon...
cloud-init[952]: The key's randomart image is:
[   62.808912] cloud-init[952]: +---[ECDSA 256]---+
         [   62.809774] cloud-init[952]: |      .o+o       |
Starting /etc/rc.local Compatibility...
[   62.814089] cloud-init[952]: |    E.+oo.       |
[   62.914027] cloud-init[952]: |   o ===o o      |
[   62.930315] [[0;32m  OK  [0m] Started ACPI event daemon.
cloud-init[952]: |   .oo++ + =     |
[[0;32m  OK  [0m] Started Regular background program processing daemon.
[[0;32m  OK  [0m] Started Unattended Upgrades Shutdown.
[   62.955373] cloud-init[952]: |  . . . S + *    |
         Starting Virtualbox guest utils...
[   63.122607] cloud-init[952]: |   .   * = X .   |
[   63.232351] cloud-init[952]: |    . . + o + .  |
         Starting Snappy daemon...
[   63.269144] cloud-init[952]: |     . ....= o   |
[   63.296312] cloud-init[952]: |        o==.o    |
[   63.352276]          Starting Pollinate to seed the pseudo random number generator...
cloud-init[952]: +----[SHA256]-----+
[   63.388292]          cloud-initStarting LXD - container startup/shutdown...[952]: 
Generating public/private ed25519 key pair.
[   63.505510] [cloud-init[0;32m  OK  [0m[952]: ] Your identification has been saved in /etc/ssh/ssh_host_ed25519_key.Started System Logging Service.

[   63.506346] [[0;32m  OK  [0m] Started /etc/rc.local Compatibility.
cloud-init[952]: Your public key has been saved in /etc/ssh/ssh_host_ed25519_key.pub.
[   63.612155] cloud-init[952]: The key fingerprint is:
[   63.634531] cloud-init[952]: SHA256:034A9rMzSll6nF3Ra68gak0c8DNEEpIs4Hab7yXcNiM root@ubuntu-xenial
[   63.675244] cloud-init[952]: The key's randomart image is:
[   63.678373] cloud-init[952]: +--[ED25519 256]--+
[   63.757039] cloud-init[952]: |  .. ...oo.      |
[[   63.757479] cloud-init[952]: | .  . o....    . |
[0;32m  OK  [0m] Started Login Service.
[   63.758249] cloud-init[952]: |  o ..  o+    . .|
[[   63.897522] cloud-init[952]: | . . o . +=    ..|
[0;32m  OK  [0m] Started LSB: Record successful boot for GRUB.
[   63.898222] cloud-init[952]: |    o   S.*+  .o |
[   64.032358] cloud-init[952]: |     o . Bo* .. .|
[   64.064570] cloud-init[952]: |      E XoX +   .|
[   64.092932] cloud-init[952]: |     . *.*.= . . |
[   64.140694] cloud-init[952]: |      ..o     .  |
[   64.180739] cloud-init[952]: +----[SHA256]-----+
[[0;32m  OK  [0m] Started Login to default iSCSI targets.
[[0;32m  OK  [0m] Reached target Remote File Systems (Pre).
[[0;32m  OK  [0m] Reached target Remote File Systems.
         Starting LSB: daemon to balance interrupts for SMP systems...
         Starting LSB: automatic crash report generation...
         Starting Permit User Sessions...
         Starting LSB: Set the CPU Frequency Scaling governor to "ondemand"...
[[0;32m  OK  [0m] Started LSB: Set the CPU Frequency Scaling governor to "ondemand".
[[0;32m  OK  [0m] Started LSB: MD monitoring daemon.
[[0;32m  OK  [0m] Started Permit User Sessions.
         Starting Terminate Plymouth Boot Screen...
         Starting Hold until boot process finishes up...
[[0;32m  OK  [0m] Started Terminate Plymouth Boot Screen.
[[0;32m  OK  [0m] Started LSB: daemon to balance interrupts for SMP systems.
[[0;32m  OK  [0m] Started Hold until boot process finishes up.
[[0;32m  OK  [0m] Started Getty on tty1.
         Starting Set console scheme...
[[0;32m  OK  [0m] Started Serial Getty on ttyS0.
[[0;32m  OK  [0m] Reached target Login Prompts.
[[0;32m  OK  [0m] Started LSB: automatic crash report generation.
[[0;32m  OK  [0m] Started Set console scheme.
         Starting Authenticate and Authorize Users to Run Privileged Tasks...
[[0;32m  OK  [0m] Started Virtualbox guest utils.
[[0;32m  OK  [0m] Started Authenticate and Authorize Users to Run Privileged Tasks.
[[0;32m  OK  [0m] Started Accounts Service.

Ubuntu 16.04.5 LTS ubuntu-xenial ttyS0

ubuntu-xenial login: [   78.433542] cloud-init[1345]: Generating locales (this might take a while)...
[   82.665279] cloud-init[1345]:   en_US.UTF-8... done
[   82.705470] cloud-init[1345]: Generation complete.
[   86.784507] cloud-init[1345]: Cloud-init v. 18.4-0ubuntu1~16.04.2 running 'modules:config' at Fri, 29 Mar 2019 10:24:59 +0000. Up 77.27 seconds.
ci-info: no authorized ssh keys fingerprints found for user ubuntu.
<14>Mar 29 10:25:10 ec2: 
<14>Mar 29 10:25:10 ec2: #############################################################
<14>Mar 29 10:25:10 ec2: -----BEGIN SSH HOST KEY FINGERPRINTS-----
<14>Mar 29 10:25:10 ec2: 1024 SHA256:NQI1S2DbYIEObyEiCcfPNqQYmZiGRlr6CN+Ic6gKxYk root@ubuntu-xenial (DSA)
<14>Mar 29 10:25:10 ec2: 256 SHA256:uQE3nu7bJp9RZvJ5ik8YMW8oS3Iq0EVrlTHYip0xMk4 root@ubuntu-xenial (ECDSA)
<14>Mar 29 10:25:10 ec2: 256 SHA256:034A9rMzSll6nF3Ra68gak0c8DNEEpIs4Hab7yXcNiM root@ubuntu-xenial (ED25519)
<14>Mar 29 10:25:10 ec2: 2048 SHA256:G7NoTn0l44HLZOSC2mPDxTeAWgjMd8zvmZdUSqMxUFM root@ubuntu-xenial (RSA)
<14>Mar 29 10:25:10 ec2: -----END SSH HOST KEY FINGERPRINTS-----
<14>Mar 29 10:25:10 ec2: #############################################################
-----BEGIN SSH HOST KEY KEYS-----
ecdsa-sha2-nistp256 AAAAE2VjZHNhLXNoYTItbmlzdHAyNTYAAAAIbmlzdHAyNTYAAABBBIL73E0dBPhlJKQZttyyAMd2C+3qCcD35/O4+JTyuCljjqdL0/r7RqxnczugKtQ6QMSJwYvSFmAD1iLE/bFv0tM= root@ubuntu-xenial
ssh-ed25519 AAAAC3NzaC1lZDI1NTE5AAAAIP9w32c27FvQF4BWU8AoCOEhMX5f0I8WArOsw3PiDcds root@ubuntu-xenial
ssh-rsa AAAAB3NzaC1yc2EAAAADAQABAAABAQC8tusyOVA9HdzLD8gyhZ3UR+qgqCi8HTMsNN+Qi9+xUVZHVU1vI9y30Vmc40LnZJ+Mm3r7Irv0f19BVqs1hJ6Lxl0YMEsvllaZ1SI+gZeYXQlM8o3WX/uD/tZaAjSboXtqIEtmjJIN4HlHUIMnSD3DKTMAbIyW5ZbZyR99iGgTPmTNV01MuKBkfthIUP8LdcSXW7qDuelzLgHbW7047XamuRNBv+k9aBh5LMrQV5+mR83GK8JxzJXg774fmM1RjyyLpOWRNlWGEcH8O29XtROs5EJ5JO8Uthp29dKRkrarlcZjWnn74w8kxhN2KvFf3vaxHshGx+GDbtiSKhvTi6Ix root@ubuntu-xenial
-----END SSH HOST KEY KEYS-----
[   87.689347] cloud-init[1728]: Cloud-init v. 18.4-0ubuntu1~16.04.2 running 'modules:final' at Fri, 29 Mar 2019 10:25:09 +0000. Up 87.30 seconds.
[   87.689568] cloud-init[1728]: ci-info: no authorized ssh keys fingerprints found for user ubuntu.
[   87.689703] cloud-init[1728]: Cloud-init v. 18.4-0ubuntu1~16.04.2 finished at Fri, 29 Mar 2019 10:25:10 +0000. Datasource DataSourceNoCloud [seed=/dev/sdb][dsmode=net].  Up 87.67 seconds
